[21:01:54] [main/INFO]: Logging in with username & password
[21:02:18] [main/INFO]: Setting user: Yunus1903
[21:02:23] [Client thread/INFO]: LWJGL Version: 2.9.1
[21:02:30] [Twitch authenticator/ERROR]: Given twitch access token is invalid
[21:02:45] [Client thread/INFO]: Reloading ResourceManager: Default, FMLFileResourcePack:Forge Mod Loader, FMLFileResourcePack:Minecraft Forge, FMLFileResourcePack:Pet Rock
[21:02:46] [Client thread/WARN]: ResourcePack: ignored non-lowercase namespace: %s in %s
[21:02:53] [Sound Library Loader/INFO]: Sound engine started
[21:02:59] [Client thread/INFO]: Created: 512x256 textures/blocks-atlas
[21:03:00] [Client thread/INFO]: Created: 256x256 textures/items-atlas
[21:03:01] [Client thread/INFO]: Reloading ResourceManager: Default, FMLFileResourcePack:Forge Mod Loader, FMLFileResourcePack:Minecraft Forge, FMLFileResourcePack:Pet Rock
[21:03:01] [Client thread/WARN]: ResourcePack: ignored non-lowercase namespace: %s in %s
[21:03:02] [Client thread/ERROR]: Using missing texture, unable to load petrock:textures/blocks/tile.orePetrium.png
java.io.FileNotFoundException: petrock:textures/blocks/tile.orePetrium.png
	at net.minecraft.client.resources.SimpleReloadableResourceManager.getResource(SimpleReloadableResourceManager.java:71) ~[SimpleReloadableResourceManager.class:?]
	at net.minecraft.client.renderer.texture.TextureMap.loadTextureAtlas(TextureMap.java:126) [TextureMap.class:?]
	at net.minecraft.client.renderer.texture.TextureMap.loadTexture(TextureMap.java:91) [TextureMap.class:?]
	at net.minecraft.client.renderer.texture.TextureManager.loadTexture(TextureManager.java:89) [TextureManager.class:?]
	at net.minecraft.client.renderer.texture.TextureManager.onResourceManagerReload(TextureManager.java:170) [TextureManager.class:?]
	at net.minecraft.client.resources.SimpleReloadableResourceManager.notifyReloadListeners(SimpleReloadableResourceManager.java:134) [SimpleReloadableResourceManager.class:?]
	at net.minecraft.client.resources.SimpleReloadableResourceManager.reloadResources(SimpleReloadableResourceManager.java:118) [SimpleReloadableResourceManager.class:?]
	at net.minecraft.client.Minecraft.refreshResources(Minecraft.java:643) [Minecraft.class:?]
	at cpw.mods.fml.client.FMLClientHandler.finishMinecraftLoading(FMLClientHandler.java:303) [FMLClientHandler.class:?]
	at net.minecraft.client.Minecraft.startGame(Minecraft.java:586) [Minecraft.class:?]
	at net.minecraft.client.Minecraft.run(Minecraft.java:931) [Minecraft.class:?]
	at net.minecraft.client.main.Main.main(Main.java:164) [Main.class:?]
	at sun.reflect.NativeMethodAccessorImpl.invoke0(Native Method) ~[?:1.8.0_45]
	at sun.reflect.NativeMethodAccessorImpl.invoke(Unknown Source) ~[?:1.8.0_45]
	at sun.reflect.DelegatingMethodAccessorImpl.invoke(Unknown Source) ~[?:1.8.0_45]
	at java.lang.reflect.Method.invoke(Unknown Source) ~[?:1.8.0_45]
	at net.minecraft.launchwrapper.Launch.launch(Launch.java:135) [launchwrapper-1.11.jar:?]
	at net.minecraft.launchwrapper.Launch.main(Launch.java:28) [launchwrapper-1.11.jar:?]
	at net.minecraftforge.gradle.GradleStartCommon.launch(Unknown Source) [start/:?]
	at GradleStart.main(Unknown Source) [start/:?]
[21:03:03] [Client thread/INFO]: Created: 512x256 textures/blocks-atlas
[21:03:03] [Client thread/ERROR]: Using missing texture, unable to load petrock:textures/items/ingotPetrium.png
java.io.FileNotFoundException: petrock:textures/items/ingotPetrium.png
	at net.minecraft.client.resources.SimpleReloadableResourceManager.getResource(SimpleReloadableResourceManager.java:71) ~[SimpleReloadableResourceManager.class:?]
	at net.minecraft.client.renderer.texture.TextureMap.loadTextureAtlas(TextureMap.java:126) [TextureMap.class:?]
	at net.minecraft.client.renderer.texture.TextureMap.loadTexture(TextureMap.java:91) [TextureMap.class:?]
	at net.minecraft.client.renderer.texture.TextureManager.loadTexture(TextureManager.java:89) [TextureManager.class:?]
	at net.minecraft.client.renderer.texture.TextureManager.onResourceManagerReload(TextureManager.java:170) [TextureManager.class:?]
	at net.minecraft.client.resources.SimpleReloadableResourceManager.notifyReloadListeners(SimpleReloadableResourceManager.java:134) [SimpleReloadableResourceManager.class:?]
	at net.minecraft.client.resources.SimpleReloadableResourceManager.reloadResources(SimpleReloadableResourceManager.java:118) [SimpleReloadableResourceManager.class:?]
	at net.minecraft.client.Minecraft.refreshResources(Minecraft.java:643) [Minecraft.class:?]
	at cpw.mods.fml.client.FMLClientHandler.finishMinecraftLoading(FMLClientHandler.java:303) [FMLClientHandler.class:?]
	at net.minecraft.client.Minecraft.startGame(Minecraft.java:586) [Minecraft.class:?]
	at net.minecraft.client.Minecraft.run(Minecraft.java:931) [Minecraft.class:?]
	at net.minecraft.client.main.Main.main(Main.java:164) [Main.class:?]
	at sun.reflect.NativeMethodAccessorImpl.invoke0(Native Method) ~[?:1.8.0_45]
	at sun.reflect.NativeMethodAccessorImpl.invoke(Unknown Source) ~[?:1.8.0_45]
	at sun.reflect.DelegatingMethodAccessorImpl.invoke(Unknown Source) ~[?:1.8.0_45]
	at java.lang.reflect.Method.invoke(Unknown Source) ~[?:1.8.0_45]
	at net.minecraft.launchwrapper.Launch.launch(Launch.java:135) [launchwrapper-1.11.jar:?]
	at net.minecraft.launchwrapper.Launch.main(Launch.java:28) [launchwrapper-1.11.jar:?]
	at net.minecraftforge.gradle.GradleStartCommon.launch(Unknown Source) [start/:?]
	at GradleStart.main(Unknown Source) [start/:?]
[21:03:03] [Client thread/INFO]: Created: 256x256 textures/items-atlas
[21:03:04] [Sound Library Loader/INFO]: Sound engine started
[21:03:33] [Server thread/INFO]: Starting integrated minecraft server version 1.7.10
[21:03:33] [Server thread/INFO]: Generating keypair
[21:03:36] [Server thread/INFO]: Preparing start region for level 0
[21:03:38] [Server thread/INFO]: Preparing spawn area: 1%
[21:03:40] [Server thread/INFO]: Preparing spawn area: 21%
[21:03:41] [Server thread/INFO]: Preparing spawn area: 40%
[21:03:42] [Server thread/INFO]: Preparing spawn area: 49%
[21:03:43] [Server thread/INFO]: Preparing spawn area: 84%
[21:03:45] [Server thread/INFO]: Changing view distance to 12, from 10
[21:03:45] [Server thread/WARN]: Can't keep up! Did the system time change, or is the server overloaded? Running 2259ms behind, skipping 45 tick(s)
[21:03:51] [Server thread/INFO]: Yunus1903[local:E:075b36bc] logged in with entity id 81 at (-472.23831428004877, 56.0, -434.17711423409713)
[21:03:51] [Server thread/INFO]: Yunus1903 joined the game
[21:04:13] [Server thread/INFO]: Saving and pausing game...
[21:04:14] [Server thread/INFO]: Saving chunks for level 'Test #1'/Overworld
[21:04:14] [Server thread/INFO]: Saving chunks for level 'Test #1'/Nether
[21:04:15] [Server thread/INFO]: Saving chunks for level 'Test #1'/The End
[21:04:15] [Server thread/WARN]: Can't keep up! Did the system time change, or is the server overloaded? Running 8107ms behind, skipping 162 tick(s)
[21:04:58] [Server thread/INFO]: [Yunus1903: Set the time to 1000]
[21:04:58] [Client thread/INFO]: [CHAT] Set the time to 1000
[21:05:05] [Server thread/INFO]: Yunus1903 has just earned the achievement [Taking Inventory]
[21:05:06] [Client thread/INFO]: [CHAT] Yunus1903 has just earned the achievement [Taking Inventory]
[21:05:50] [Server thread/INFO]: [Yunus1903: Set own game mode to Survival Mode]
[21:05:50] [Client thread/INFO]: [CHAT] Your game mode has been updated
[21:06:13] [Server thread/WARN]: Can't keep up! Did the system time change, or is the server overloaded? Running 2512ms behind, skipping 50 tick(s)
[21:06:35] [Server thread/INFO]: [Yunus1903: Set own game mode to Creative Mode]
[21:06:35] [Client thread/INFO]: [CHAT] Your game mode has been updated
[21:06:51] [Server thread/INFO]: Saving and pausing game...
[21:06:52] [Server thread/INFO]: Saving chunks for level 'Test #1'/Overworld
[21:06:52] [Server thread/INFO]: Saving chunks for level 'Test #1'/Nether
[21:06:52] [Server thread/INFO]: Saving chunks for level 'Test #1'/The End
[21:06:54] [Server thread/INFO]: Stopping server
[21:06:54] [Server thread/INFO]: Saving players
[21:06:55] [Server thread/INFO]: Saving worlds
[21:06:55] [Server thread/INFO]: Saving chunks for level 'Test #1'/Overworld
[21:06:55] [Server thread/INFO]: Saving chunks for level 'Test #1'/Nether
[21:06:55] [Server thread/INFO]: Saving chunks for level 'Test #1'/The End
[21:06:57] [Client thread/INFO]: Stopping!
